[2026-06-04 18:25:49] CHGR-0010-HHI08: accepted
[2026-06-05 18:29:29] FER-7606000088: rejected invalid password
[2026-06-05 18:29:30] FER-7606000088: rejected invalid password
[2026-06-05 18:29:31] FER-7606000088: rejected invalid password
[2026-06-05 18:29:51] FER-7606000088: rejected invalid password
[2026-06-05 18:30:08] FER-7606000088: rejected invalid password
[2026-06-05 18:30:13] FER-7606000088: rejected invalid password
[2026-06-05 18:30:42] FER-7606000088: rejected invalid password
[2026-06-05 18:30:45] FER-7606000088: rejected invalid password
[2026-06-05 18:31:08] ff: rejected unknown charger
[2026-06-05 18:31:16] FER-7606000088: rejected invalid password
[2026-06-05 18:31:32] FER-7606000088: rejected invalid password
[2026-06-05 18:32:16] FER7606000088: rejected invalid password
[2026-06-05 18:33:11] FER7606000088: rejected invalid password
[2026-06-05 18:33:19] FER-7606000088: rejected unknown charger
[2026-06-05 18:33:27] FER7606000088: rejected invalid password
[2026-06-05 18:33:39] FER7606000088: rejected invalid password
[2026-06-05 18:34:34] FER7606000088: accepted
[2026-06-05 18:45:10] FER7606000088: accepted
[2026-06-05 19:11:02] FER7606000088: accepted
[2026-06-05 19:14:44] FER7606000088: accepted
[2026-06-05 19:19:35] FER7606000088: accepted
[2026-06-05 19:24:59] FER7606000088: accepted
[2026-06-05 19:26:17] FER7606000088: accepted
[2026-06-05 20:48:40] FER7606000088: accepted
