[2026-06-04 18:25:49] RX [2,"1780590349382-1-1yauwled4kfnn","BootNotification",{"chargePointVendor":"AVT-Company","chargePointModel":"AVT-Express","chargePointSerialNumber":"avt.001.13.1","chargeBoxSerialNumber":"avt.001.13.1.01","firmwareVersion":"0.9.87","iccid":"","imsi":"","meterType":"AVT NQC-ACDC","meterSerialNumber":"avt.001.13.1.01"}]
[2026-06-04 18:25:49] CALL BootNotification: {"chargePointVendor":"AVT-Company","chargePointModel":"AVT-Express","chargePointSerialNumber":"avt.001.13.1","chargeBoxSerialNumber":"avt.001.13.1.01","firmwareVersion":"0.9.87","iccid":"","imsi":"","meterType":"AVT NQC-ACDC","meterSerialNumber":"avt.001.13.1.01"}
[2026-06-04 18:25:49] CALL_RESULT BootNotification: {"currentTime":"2026-06-04T16:25:49Z","interval":30,"status":"Accepted"}
[2026-06-04 18:25:49] TX [3,"1780590349382-1-1yauwled4kfnn",{"currentTime":"2026-06-04T16:25:49Z","interval":30,"status":"Accepted"}]
[2026-06-04 18:25:49] RX [2,"1780590349384-2-1xy9liy77jq13","StatusNotification",{"connectorId":1,"status":"Available","errorCode":"NoError","info":"null","timestamp":"2026-06-04T16:25:49Z","vendorId":"","vendorErrorCode":""}]
[2026-06-04 18:25:49] CALL StatusNotification: {"connectorId":1,"status":"Available","errorCode":"NoError","info":"null","timestamp":"2026-06-04T16:25:49Z","vendorId":"","vendorErrorCode":""}
[2026-06-04 18:25:49] Connector 1 status: Available
[2026-06-04 18:25:49] CALL_RESULT StatusNotification: {}
[2026-06-04 18:25:49] TX [3,"1780590349384-2-1xy9liy77jq13",{}]
[2026-06-04 18:25:49] RX [2,"1780590349384-3-9e63ky18qhcxz","StatusNotification",{"connectorId":2,"status":"Available","errorCode":"NoError","info":"null","timestamp":"2026-06-04T16:25:49Z","vendorId":"","vendorErrorCode":""}]
[2026-06-04 18:25:49] CALL StatusNotification: {"connectorId":2,"status":"Available","errorCode":"NoError","info":"null","timestamp":"2026-06-04T16:25:49Z","vendorId":"","vendorErrorCode":""}
[2026-06-04 18:25:49] Connector 2 status: Available
[2026-06-04 18:25:49] CALL_RESULT StatusNotification: {}
[2026-06-04 18:25:49] TX [3,"1780590349384-3-9e63ky18qhcxz",{}]
[2026-06-04 18:26:19] RX [2,"1780590379391-4-z9epnmi7v2l9","Heartbeat",{}]
[2026-06-04 18:26:19] CALL Heartbeat: {}
[2026-06-04 18:26:19] CALL_RESULT Heartbeat: {"currentTime":"2026-06-04T16:26:19Z"}
[2026-06-04 18:26:19] TX [3,"1780590379391-4-z9epnmi7v2l9",{"currentTime":"2026-06-04T16:26:19Z"}]
[2026-06-04 18:26:28] RX [2,"1780590388579-5-hgdves1rhej9a","StatusNotification",{"connectorId":1,"status":"Charging","errorCode":"NoError","info":"null","timestamp":"2026-06-04T16:26:28Z","vendorId":"","vendorErrorCode":""}]
[2026-06-04 18:26:28] CALL StatusNotification: {"connectorId":1,"status":"Charging","errorCode":"NoError","info":"null","timestamp":"2026-06-04T16:26:28Z","vendorId":"","vendorErrorCode":""}
[2026-06-04 18:26:28] Connector 1 status: Charging
[2026-06-04 18:26:28] CALL_RESULT StatusNotification: {}
[2026-06-04 18:26:28] TX [3,"1780590388579-5-hgdves1rhej9a",{}]
[2026-06-04 18:26:28] RX [2,"1780590388581-6-w6psnd4aw0vq","StartTransaction",{"connectorId":1,"idTag":"04A1B2C3D4","timestamp":"2026-06-04T16:26:28Z","meterStart":0,"reservationId":0}]
[2026-06-04 18:26:28] CALL StartTransaction: {"connectorId":1,"idTag":"04A1B2C3D4","timestamp":"2026-06-04T16:26:28Z","meterStart":0,"reservationId":0}
[2026-06-04 18:26:28] CALL_RESULT StartTransaction: {"transactionId":1780590350,"idTagInfo":{"status":"Accepted"}}
[2026-06-04 18:26:28] TX [3,"1780590388581-6-w6psnd4aw0vq",{"transactionId":1780590350,"idTagInfo":{"status":"Accepted"}}]
[2026-06-04 18:26:43] RX [2,"1780590403583-7-1wzgk0w1atevfw","MeterValues",{"connectorId":1,"meterValue":[{"timestamp":"2026-06-04T16:26:43Z","sampledValue":[{"value":"24.875","measurand":"Energy.Active.Import.Register"},{"value":"5970","measurand":"Power.Active.Import"},{"value":"23.04975","measurand":"SoC"}]}],"transactionId":1780590350}]
[2026-06-04 18:26:43] CALL MeterValues: {"connectorId":1,"meterValue":[{"timestamp":"2026-06-04T16:26:43Z","sampledValue":[{"value":"24.875","measurand":"Energy.Active.Import.Register"},{"value":"5970","measurand":"Power.Active.Import"},{"value":"23.04975","measurand":"SoC"}]}],"transactionId":1780590350}
[2026-06-04 18:26:43] CALL_RESULT MeterValues: {}
[2026-06-04 18:26:43] TX [3,"1780590403583-7-1wzgk0w1atevfw",{}]
[2026-06-04 18:26:49] RX [2,"1780590409391-8-11hz2p4zxkfdx","Heartbeat",{}]
[2026-06-04 18:26:49] CALL Heartbeat: {}
[2026-06-04 18:26:49] CALL_RESULT Heartbeat: {"currentTime":"2026-06-04T16:26:49Z"}
[2026-06-04 18:26:49] TX [3,"1780590409391-8-11hz2p4zxkfdx",{"currentTime":"2026-06-04T16:26:49Z"}]
[2026-06-04 18:26:58] RX [2,"1780590418582-9-5ehiu1spq373","MeterValues",{"connectorId":1,"meterValue":[{"timestamp":"2026-06-04T16:26:58Z","sampledValue":[{"value":"49.75","measurand":"Energy.Active.Import.Register"},{"value":"5970","measurand":"Power.Active.Import"},{"value":"23.0995","measurand":"SoC"}]}],"transactionId":1780590350}]
[2026-06-04 18:26:58] CALL MeterValues: {"connectorId":1,"meterValue":[{"timestamp":"2026-06-04T16:26:58Z","sampledValue":[{"value":"49.75","measurand":"Energy.Active.Import.Register"},{"value":"5970","measurand":"Power.Active.Import"},{"value":"23.0995","measurand":"SoC"}]}],"transactionId":1780590350}
[2026-06-04 18:26:58] CALL_RESULT MeterValues: {}
[2026-06-04 18:26:58] TX [3,"1780590418582-9-5ehiu1spq373",{}]
[2026-06-04 18:27:13] RX [2,"1780590433583-10-1e97dmy1x52051","MeterValues",{"connectorId":1,"meterValue":[{"timestamp":"2026-06-04T16:27:13Z","sampledValue":[{"value":"74.625","measurand":"Energy.Active.Import.Register"},{"value":"5970","measurand":"Power.Active.Import"},{"value":"23.14925","measurand":"SoC"}]}],"transactionId":1780590350}]
[2026-06-04 18:27:13] CALL MeterValues: {"connectorId":1,"meterValue":[{"timestamp":"2026-06-04T16:27:13Z","sampledValue":[{"value":"74.625","measurand":"Energy.Active.Import.Register"},{"value":"5970","measurand":"Power.Active.Import"},{"value":"23.14925","measurand":"SoC"}]}],"transactionId":1780590350}
[2026-06-04 18:27:13] CALL_RESULT MeterValues: {}
[2026-06-04 18:27:13] TX [3,"1780590433583-10-1e97dmy1x52051",{}]
[2026-06-04 18:27:16] TX [2,"server-1780590436384-1-c8fe55","RemoteStopTransaction",{"transactionId":1780590350}]
[2026-06-04 18:27:16] RX [3,"server-1780590436384-1-c8fe55",{"status":"Accepted"}]
[2026-06-04 18:27:16] CALL_RESULT from charger: [3,"server-1780590436384-1-c8fe55",{"status":"Accepted"}]
[2026-06-04 18:27:16] RX [2,"1780590436388-11-10i34bdlr0fvm","StopTransaction",{"transactionId":1780590350,"idTag":"04A1B2C3D4","timestamp":"2026-06-04T16:27:16Z","meterStop":2000}]
[2026-06-04 18:27:16] CALL StopTransaction: {"transactionId":1780590350,"idTag":"04A1B2C3D4","timestamp":"2026-06-04T16:27:16Z","meterStop":2000}
[2026-06-04 18:27:16] CALL_RESULT StopTransaction: {"idTagInfo":{"status":"Accepted"}}
[2026-06-04 18:27:16] TX [3,"1780590436388-11-10i34bdlr0fvm",{"idTagInfo":{"status":"Accepted"}}]
[2026-06-04 18:27:16] RX [2,"1780590436389-12-3i8o511yz7811","StatusNotification",{"connectorId":1,"status":"Available","errorCode":"NoError","info":"null","timestamp":"2026-06-04T16:27:16Z","vendorId":"","vendorErrorCode":""}]
[2026-06-04 18:27:16] CALL StatusNotification: {"connectorId":1,"status":"Available","errorCode":"NoError","info":"null","timestamp":"2026-06-04T16:27:16Z","vendorId":"","vendorErrorCode":""}
[2026-06-04 18:27:16] Connector 1 status: Available
[2026-06-04 18:27:16] CALL_RESULT StatusNotification: {}
[2026-06-04 18:27:16] TX [3,"1780590436389-12-3i8o511yz7811",{}]
[2026-06-04 18:27:19] RX [2,"1780590439391-13-qbklkf544xie","Heartbeat",{}]
[2026-06-04 18:27:19] CALL Heartbeat: {}
[2026-06-04 18:27:19] CALL_RESULT Heartbeat: {"currentTime":"2026-06-04T16:27:19Z"}
[2026-06-04 18:27:19] TX [3,"1780590439391-13-qbklkf544xie",{"currentTime":"2026-06-04T16:27:19Z"}]
[2026-06-04 18:27:49] RX [2,"1780590469391-14-hthasb1uz19dy","Heartbeat",{}]
[2026-06-04 18:27:49] CALL Heartbeat: {}
[2026-06-04 18:27:49] CALL_RESULT Heartbeat: {"currentTime":"2026-06-04T16:27:49Z"}
[2026-06-04 18:27:49] TX [3,"1780590469391-14-hthasb1uz19dy",{"currentTime":"2026-06-04T16:27:49Z"}]
[2026-06-04 18:28:19] RX [2,"1780590499391-15-4sppak7pgrt9","Heartbeat",{}]
[2026-06-04 18:28:19] CALL Heartbeat: {}
[2026-06-04 18:28:19] CALL_RESULT Heartbeat: {"currentTime":"2026-06-04T16:28:19Z"}
[2026-06-04 18:28:19] TX [3,"1780590499391-15-4sppak7pgrt9",{"currentTime":"2026-06-04T16:28:19Z"}]
[2026-06-04 18:28:49] RX [2,"1780590529396-16-v12kzayeihp3","Heartbeat",{}]
[2026-06-04 18:28:49] CALL Heartbeat: {}
[2026-06-04 18:28:49] CALL_RESULT Heartbeat: {"currentTime":"2026-06-04T16:28:49Z"}
[2026-06-04 18:28:49] TX [3,"1780590529396-16-v12kzayeihp3",{"currentTime":"2026-06-04T16:28:49Z"}]
